[2025-06-25 17:21:02] [INFO] Cron triggered for DAG custom_dag
[2025-06-25 17:21:02] [INFO] Running DAG: custom_dag
[2025-06-25 17:21:02] [INFO] Starting job start
[2025-06-25 17:21:02] [INFO] Completed job start
[2025-06-25 17:21:02] [INFO] [custom_dag] Start job running
[2025-06-25 17:21:02] [INFO] Starting job branch
[2025-06-25 17:21:02] [INFO] Branch branch selected [print_A]
[2025-06-25 17:21:02] [INFO] 99 << get xcom
[2025-06-25 17:21:02] [INFO] [custom_dag] Pilih print_A
[2025-06-25 17:21:02] [INFO] Skipping job print_B (auto-success to unblock DAG)
[2025-06-25 17:21:02] [INFO] Starting job print_A
[2025-06-25 17:21:02] [INFO] Print A
[2025-06-25 17:21:02] [INFO] Completed job print_A
[2025-06-25 17:21:02] [INFO] Starting job print_C
[2025-06-25 17:21:02] [INFO] Print C
[2025-06-25 17:21:02] [INFO] Completed job print_C
[2025-06-25 17:21:02] [INFO] Starting job finish
[2025-06-25 17:21:02] [INFO] Finish job
[2025-06-25 17:21:02] [INFO] Completed job finish
[2025-06-25 17:21:02] [INFO] Starting job bq_task_1
[2025-06-25 17:21:02] [INFO] [BigQueryOperator bq_task_1] Running query on project fadhel-project
[2025-06-25 17:21:02] [INFO] [BigQueryOperator bq_task_1] Query:
SELECT * FROM `fadhel-project.dw_ext_data.kemdikbud_ref_satpen_npsn` limit 10

[2025-06-25 17:21:03] [INFO] Cron triggered for DAG custom_dag
[2025-06-25 17:21:03] [INFO] Running DAG: custom_dag
[2025-06-25 17:21:03] [INFO] Starting job start
[2025-06-25 17:21:03] [INFO] Completed job start
[2025-06-25 17:21:03] [INFO] Starting job branch
[2025-06-25 17:21:03] [INFO] [custom_dag] Start job running
[2025-06-25 17:21:03] [INFO] 99 << get xcom
[custom_dag] Pilih print_A
[2025-06-25 17:21:03] [INFO] Branch branch selected [print_A]
[2025-06-25 17:21:03] [INFO] Skipping job print_B (auto-success to unblock DAG)
[2025-06-25 17:21:03] [INFO] Starting job print_A
[2025-06-25 17:21:03] [INFO] Print A
[2025-06-25 17:21:03] [INFO] Completed job print_A
[2025-06-25 17:21:03] [INFO] Starting job print_C
[2025-06-25 17:21:03] [INFO] Print C
[2025-06-25 17:21:03] [INFO] Completed job print_C
[2025-06-25 17:21:03] [INFO] Starting job finish
[2025-06-25 17:21:03] [INFO] Finish job
[2025-06-25 17:21:03] [INFO] Completed job finish
[2025-06-25 17:21:03] [INFO] Starting job bq_task_1
[2025-06-25 17:21:03] [INFO] [BigQueryOperator bq_task_1] Running query on project fadhel-project
[2025-06-25 17:21:03] [INFO] [BigQueryOperator bq_task_1] Query:
SELECT * FROM `fadhel-project.dw_ext_data.kemdikbud_ref_satpen_npsn` limit 10

[2025-06-25 17:21:03] [INFO] [BigQueryOperator bq_task_1] Query executed successfully at 2025-06-25 17:21:03.6897295 +0700 +07 m=+2.381152101
[2025-06-25 17:21:03] [INFO] Completed job bq_task_1
[2025-06-25 17:21:03] [INFO] Starting job trigger_dag1
[2025-06-25 17:21:03] [INFO] Triggering DAG dag1 from DAG custom_dag with config map[param1:value1 param2:42]
[2025-06-25 17:21:03] [INFO] [DAG1] Run A
[2025-06-25 17:21:03] [INFO] Completed job trigger_dag1
[2025-06-25 17:21:03] [INFO] Starting job trigger_dag_branch
[2025-06-25 17:21:03] [INFO] Triggering DAG dag_branch from DAG custom_dag with config map[param1:value1 param2:42]
[2025-06-25 17:21:03] [INFO] Completed job trigger_dag_branch
[2025-06-25 17:21:03] [INFO] [dag_branch] Start job running
[2025-06-25 17:21:03] [INFO] [dag_branch] Branch chooses high
[2025-06-25 17:21:03] [INFO] [dag_branch] Running HIGH path
[2025-06-25 17:21:04] [INFO] Cron triggered for DAG custom_dag
[2025-06-25 17:21:04] [INFO] Running DAG: custom_dag
[2025-06-25 17:21:04] [INFO] Starting job start
[2025-06-25 17:21:04] [INFO] Completed job start
[2025-06-25 17:21:04] [INFO] Starting job branch
[2025-06-25 17:21:04] [INFO] [custom_dag] Start job running
[2025-06-25 17:21:04] [INFO] 99 << get xcom
[custom_dag] Pilih print_A
[2025-06-25 17:21:04] [INFO] Branch branch selected [print_A]
[2025-06-25 17:21:04] [INFO] Skipping job print_B (auto-success to unblock DAG)
[2025-06-25 17:21:04] [INFO] Starting job print_A
[2025-06-25 17:21:04] [INFO] Print A
[2025-06-25 17:21:04] [INFO] Completed job print_A
[2025-06-25 17:21:04] [INFO] Starting job print_C
[2025-06-25 17:21:04] [INFO] Print C
[2025-06-25 17:21:04] [INFO] Completed job print_C
[2025-06-25 17:21:04] [INFO] Starting job finish
[2025-06-25 17:21:04] [INFO] Finish job
[2025-06-25 17:21:04] [INFO] Completed job finish
[2025-06-25 17:21:04] [INFO] Starting job bq_task_1
[2025-06-25 17:21:04] [INFO] [BigQueryOperator bq_task_1] Running query on project fadhel-project
[2025-06-25 17:21:04] [INFO] [BigQueryOperator bq_task_1] Query:
SELECT * FROM `fadhel-project.dw_ext_data.kemdikbud_ref_satpen_npsn` limit 10

[2025-06-25 17:21:04] [INFO] [BigQueryOperator bq_task_1] Query executed successfully at 2025-06-25 17:21:04.5702704 +0700 +07 m=+3.261693001
[2025-06-25 17:21:04] [INFO] Completed job bq_task_1
[2025-06-25 17:21:04] [INFO] Starting job trigger_dag1
[2025-06-25 17:21:04] [INFO] Triggering DAG dag1 from DAG custom_dag with config map[param1:value1 param2:42]
[2025-06-25 17:21:04] [INFO] [DAG1] Run A
[2025-06-25 17:21:04] [INFO] Completed job trigger_dag1
[2025-06-25 17:21:04] [INFO] Starting job trigger_dag_branch
[2025-06-25 17:21:04] [INFO] Triggering DAG dag_branch from DAG custom_dag with config map[param1:value1 param2:42]
[2025-06-25 17:21:04] [INFO] Completed job trigger_dag_branch
[2025-06-25 17:21:04] [INFO] [dag_branch] Start job running
[2025-06-25 17:21:04] [INFO] [dag_branch] Branch chooses high
[2025-06-25 17:21:04] [INFO] [dag_branch] Running HIGH path
[2025-06-25 17:21:05] [INFO] Cron triggered for DAG custom_dag
[2025-06-25 17:21:05] [INFO] Running DAG: custom_dag
[2025-06-25 17:21:05] [INFO] Starting job start
[2025-06-25 17:21:05] [INFO] Completed job start
[2025-06-25 17:21:05] [INFO] Starting job branch
[2025-06-25 17:21:05] [INFO] [custom_dag] Start job running
[2025-06-25 17:21:05] [INFO] Branch branch selected [print_A]
[2025-06-25 17:21:05] [INFO] Skipping job print_B (auto-success to unblock DAG)
[2025-06-25 17:21:05] [INFO] Starting job print_A
[2025-06-25 17:21:05] [INFO] 99 << get xcom
[custom_dag] Pilih print_A
[2025-06-25 17:21:05] [INFO] Print A
[2025-06-25 17:21:05] [INFO] Completed job print_A
[2025-06-25 17:21:05] [INFO] Starting job print_C
[2025-06-25 17:21:05] [INFO] Print C
[2025-06-25 17:21:05] [INFO] Completed job print_C
[2025-06-25 17:21:05] [INFO] Starting job finish
[2025-06-25 17:21:05] [INFO] Finish job
[2025-06-25 17:21:05] [INFO] Completed job finish
[2025-06-25 17:21:05] [INFO] Starting job bq_task_1
[2025-06-25 17:21:05] [INFO] [BigQueryOperator bq_task_1] Running query on project fadhel-project
[2025-06-25 17:21:05] [INFO] [BigQueryOperator bq_task_1] Query:
SELECT * FROM `fadhel-project.dw_ext_data.kemdikbud_ref_satpen_npsn` limit 10

[2025-06-25 17:21:05] [INFO] [BigQueryOperator bq_task_1] Query executed successfully at 2025-06-25 17:21:05.5705089 +0700 +07 m=+4.261931501
[2025-06-25 17:21:05] [INFO] Completed job bq_task_1
[2025-06-25 17:21:05] [INFO] Starting job trigger_dag1
[2025-06-25 17:21:05] [INFO] Triggering DAG dag1 from DAG custom_dag with config map[param1:value1 param2:42]
[2025-06-25 17:21:05] [INFO] [DAG1] Run A
[2025-06-25 17:21:05] [INFO] Completed job trigger_dag1
[2025-06-25 17:21:05] [INFO] Starting job trigger_dag_branch
[2025-06-25 17:21:05] [INFO] Triggering DAG dag_branch from DAG custom_dag with config map[param1:value1 param2:42]
[2025-06-25 17:21:05] [INFO] Completed job trigger_dag_branch
[2025-06-25 17:21:05] [INFO] [dag_branch] Start job running
[2025-06-25 17:21:05] [INFO] [dag_branch] Branch chooses high
[2025-06-25 17:21:05] [INFO] [dag_branch] Running HIGH path
[2025-06-25 17:21:06] [INFO] Cron triggered for DAG custom_dag
[2025-06-25 17:21:06] [INFO] Running DAG: custom_dag
[2025-06-25 17:21:06] [INFO] Starting job start
[2025-06-25 17:21:06] [INFO] Completed job start
[2025-06-25 17:21:06] [INFO] Starting job branch
[2025-06-25 17:21:06] [INFO] [custom_dag] Start job running
[2025-06-25 17:21:06] [INFO] Branch branch selected [print_A]
[2025-06-25 17:21:06] [INFO] Skipping job print_B (auto-success to unblock DAG)
[2025-06-25 17:21:06] [INFO] Starting job print_A
[2025-06-25 17:21:06] [INFO] 99 << get xcom
[custom_dag] Pilih print_A
[2025-06-25 17:21:06] [INFO] Print A
[2025-06-25 17:21:06] [INFO] Completed job print_A
[2025-06-25 17:21:06] [INFO] Starting job print_C
[2025-06-25 17:21:06] [INFO] Print C
[2025-06-25 17:21:06] [INFO] Completed job print_C
[2025-06-25 17:21:06] [INFO] Starting job finish
[2025-06-25 17:21:06] [INFO] Finish job
[2025-06-25 17:21:06] [INFO] Completed job finish
[2025-06-25 17:21:06] [INFO] Starting job bq_task_1
[2025-06-25 17:21:06] [INFO] [BigQueryOperator bq_task_1] Running query on project fadhel-project
[2025-06-25 17:21:06] [INFO] [BigQueryOperator bq_task_1] Query:
SELECT * FROM `fadhel-project.dw_ext_data.kemdikbud_ref_satpen_npsn` limit 10

[2025-06-25 17:21:06] [INFO] [BigQueryOperator bq_task_1] Query executed successfully at 2025-06-25 17:21:06.3409252 +0700 +07 m=+5.032347801
[2025-06-25 17:21:06] [INFO] Completed job bq_task_1
[2025-06-25 17:21:06] [INFO] Starting job trigger_dag1
[2025-06-25 17:21:06] [INFO] Triggering DAG dag1 from DAG custom_dag with config map[param1:value1 param2:42]
[2025-06-25 17:21:06] [INFO] [DAG1] Run A
[2025-06-25 17:21:06] [INFO] Completed job trigger_dag1
[2025-06-25 17:21:06] [INFO] Starting job trigger_dag_branch
[2025-06-25 17:21:06] [INFO] Triggering DAG dag_branch from DAG custom_dag with config map[param1:value1 param2:42]
[2025-06-25 17:21:06] [INFO] Completed job trigger_dag_branch
[2025-06-25 17:21:06] [INFO] [dag_branch] Start job running
[2025-06-25 17:21:06] [INFO] [dag_branch] Branch chooses high
[2025-06-25 17:21:06] [INFO] [dag_branch] Running HIGH path
[2025-06-25 17:21:07] [INFO] Cron triggered for DAG custom_dag
[2025-06-25 17:21:07] [INFO] Running DAG: custom_dag
[2025-06-25 17:21:07] [INFO] Starting job start
[2025-06-25 17:21:07] [INFO] Completed job start
[2025-06-25 17:21:07] [INFO] Starting job branch
[2025-06-25 17:21:07] [INFO] [custom_dag] Start job running
[2025-06-25 17:21:07] [INFO] Branch branch selected [print_A]
[2025-06-25 17:21:07] [INFO] Skipping job print_B (auto-success to unblock DAG)
[2025-06-25 17:21:07] [INFO] 99 << get xcom
[2025-06-25 17:21:07] [INFO] [custom_dag] Pilih print_A
[2025-06-25 17:21:07] [INFO] Starting job print_A
[2025-06-25 17:21:07] [INFO] Print A
[2025-06-25 17:21:07] [INFO] Completed job print_A
[2025-06-25 17:21:07] [INFO] Starting job print_C
[2025-06-25 17:21:07] [INFO] Print C
[2025-06-25 17:21:07] [INFO] Completed job print_C
[2025-06-25 17:21:07] [INFO] Starting job finish
[2025-06-25 17:21:07] [INFO] Finish job
[2025-06-25 17:21:07] [INFO] Completed job finish
[2025-06-25 17:21:07] [INFO] Starting job bq_task_1
[2025-06-25 17:21:07] [INFO] [BigQueryOperator bq_task_1] Running query on project fadhel-project
[2025-06-25 17:21:07] [INFO] [BigQueryOperator bq_task_1] Query:
SELECT * FROM `fadhel-project.dw_ext_data.kemdikbud_ref_satpen_npsn` limit 10

[2025-06-25 17:21:07] [INFO] [BigQueryOperator bq_task_1] Query executed successfully at 2025-06-25 17:21:07.421192 +0700 +07 m=+6.112614601
[2025-06-25 17:21:07] [INFO] Completed job bq_task_1
[2025-06-25 17:21:07] [INFO] Starting job trigger_dag1
[2025-06-25 17:21:07] [INFO] Triggering DAG dag1 from DAG custom_dag with config map[param1:value1 param2:42]
[2025-06-25 17:21:07] [INFO] [DAG1] Run A
[2025-06-25 17:21:07] [INFO] Completed job trigger_dag1
[2025-06-25 17:21:07] [INFO] Starting job trigger_dag_branch
[2025-06-25 17:21:07] [INFO] Triggering DAG dag_branch from DAG custom_dag with config map[param1:value1 param2:42]
[2025-06-25 17:21:07] [INFO] Completed job trigger_dag_branch
[2025-06-25 17:21:07] [INFO] [dag_branch] Start job running
[2025-06-25 17:21:07] [INFO] [dag_branch] Branch chooses high
[2025-06-25 17:21:07] [INFO] [dag_branch] Running HIGH path
[2025-06-25 17:21:08] [INFO] Cron triggered for DAG custom_dag
[2025-06-25 17:21:08] [INFO] Running DAG: custom_dag
[2025-06-25 17:21:08] [INFO] Starting job start
[2025-06-25 17:21:08] [INFO] Completed job start
[2025-06-25 17:21:08] [INFO] [custom_dag] Start job running
[2025-06-25 17:21:08] [INFO] Starting job branch
[2025-06-25 17:21:08] [INFO] Branch branch selected [print_A]
[2025-06-25 17:21:08] [INFO] Skipping job print_B (auto-success to unblock DAG)
[2025-06-25 17:21:08] [INFO] Starting job print_A
[2025-06-25 17:21:08] [INFO] 99 << get xcom
[2025-06-25 17:21:08] [INFO] [custom_dag] Pilih print_A
[2025-06-25 17:21:08] [INFO] Print A
[2025-06-25 17:21:08] [INFO] Completed job print_A
[2025-06-25 17:21:08] [INFO] Starting job print_C
[2025-06-25 17:21:08] [INFO] Print C
[2025-06-25 17:21:08] [INFO] Completed job print_C
[2025-06-25 17:21:08] [INFO] Starting job finish
[2025-06-25 17:21:08] [INFO] Finish job
[2025-06-25 17:21:08] [INFO] Completed job finish
[2025-06-25 17:21:08] [INFO] Starting job bq_task_1
[2025-06-25 17:21:08] [INFO] [BigQueryOperator bq_task_1] Running query on project fadhel-project
[2025-06-25 17:21:08] [INFO] [BigQueryOperator bq_task_1] Query:
SELECT * FROM `fadhel-project.dw_ext_data.kemdikbud_ref_satpen_npsn` limit 10

[2025-06-25 17:21:08] [INFO] [BigQueryOperator bq_task_1] Query executed successfully at 2025-06-25 17:21:08.8484286 +0700 +07 m=+7.539851201
[2025-06-25 17:21:08] [INFO] Completed job bq_task_1
[2025-06-25 17:21:08] [INFO] Starting job trigger_dag1
[2025-06-25 17:21:08] [INFO] Triggering DAG dag1 from DAG custom_dag with config map[param1:value1 param2:42]
[2025-06-25 17:21:08] [INFO] [DAG1] Run A
[2025-06-25 17:21:08] [INFO] Completed job trigger_dag1
[2025-06-25 17:21:08] [INFO] Starting job trigger_dag_branch
[2025-06-25 17:21:08] [INFO] Triggering DAG dag_branch from DAG custom_dag with config map[param1:value1 param2:42]
[2025-06-25 17:21:08] [INFO] Completed job trigger_dag_branch
[2025-06-25 17:21:08] [INFO] [dag_branch] Start job running
[2025-06-25 17:21:08] [INFO] [dag_branch] Branch chooses high
[2025-06-25 17:21:08] [INFO] [dag_branch] Running HIGH path
[2025-06-25 17:21:09] [INFO] Cron triggered for DAG custom_dag
[2025-06-25 17:21:09] [INFO] Running DAG: custom_dag
[2025-06-25 17:21:09] [INFO] Starting job start
[2025-06-25 17:21:09] [INFO] Completed job start
[2025-06-25 17:21:09] [INFO] Starting job branch
[2025-06-25 17:21:09] [INFO] [custom_dag] Start job running
[2025-06-25 17:21:09] [INFO] Branch branch selected [print_A]
[2025-06-25 17:21:09] [INFO] Skipping job print_B (auto-success to unblock DAG)
[2025-06-25 17:21:09] [INFO] 99 << get xcom
[custom_dag] Pilih print_A
[2025-06-25 17:21:09] [INFO] Starting job print_A
[2025-06-25 17:21:09] [INFO] Print A
[2025-06-25 17:21:09] [INFO] Completed job print_A
[2025-06-25 17:21:09] [INFO] Starting job print_C
[2025-06-25 17:21:09] [INFO] Print C
[2025-06-25 17:21:09] [INFO] Completed job print_C
[2025-06-25 17:21:09] [INFO] Starting job finish
[2025-06-25 17:21:09] [INFO] Finish job
[2025-06-25 17:21:09] [INFO] Completed job finish
[2025-06-25 17:21:09] [INFO] Starting job bq_task_1
[2025-06-25 17:21:09] [INFO] [BigQueryOperator bq_task_1] Running query on project fadhel-project
[2025-06-25 17:21:09] [INFO] [BigQueryOperator bq_task_1] Query:
SELECT * FROM `fadhel-project.dw_ext_data.kemdikbud_ref_satpen_npsn` limit 10

[2025-06-25 17:21:09] [INFO] [BigQueryOperator bq_task_1] Query executed successfully at 2025-06-25 17:21:09.597502 +0700 +07 m=+8.288924601
[2025-06-25 17:21:09] [INFO] Completed job bq_task_1
[2025-06-25 17:21:09] [INFO] Starting job trigger_dag1
[2025-06-25 17:21:09] [INFO] Triggering DAG dag1 from DAG custom_dag with config map[param1:value1 param2:42]
[2025-06-25 17:21:09] [INFO] [DAG1] Run A
[2025-06-25 17:21:09] [INFO] Completed job trigger_dag1
[2025-06-25 17:21:09] [INFO] Starting job trigger_dag_branch
[2025-06-25 17:21:09] [INFO] Triggering DAG dag_branch from DAG custom_dag with config map[param1:value1 param2:42]
[2025-06-25 17:21:09] [INFO] Completed job trigger_dag_branch
[2025-06-25 17:21:09] [INFO] [dag_branch] Start job running
[2025-06-25 17:21:09] [INFO] [dag_branch] Branch chooses high
[2025-06-25 17:21:09] [INFO] [dag_branch] Running HIGH path
[2025-06-25 17:21:10] [INFO] Cron triggered for DAG custom_dag
[2025-06-25 17:21:10] [INFO] Running DAG: custom_dag
[2025-06-25 17:21:10] [INFO] Starting job start
[2025-06-25 17:21:10] [INFO] Completed job start
[2025-06-25 17:21:10] [INFO] Starting job branch
[2025-06-25 17:21:10] [INFO] [custom_dag] Start job running
[2025-06-25 17:21:10] [INFO] Branch branch selected [print_A]
[2025-06-25 17:21:10] [INFO] 99 << get xcom
[custom_dag] Pilih print_A
[2025-06-25 17:21:10] [INFO] Skipping job print_B (auto-success to unblock DAG)
[2025-06-25 17:21:10] [INFO] Starting job print_A
[2025-06-25 17:21:10] [INFO] Print A
[2025-06-25 17:21:10] [INFO] Completed job print_A
[2025-06-25 17:21:10] [INFO] Starting job print_C
[2025-06-25 17:21:10] [INFO] Print C
[2025-06-25 17:21:10] [INFO] Completed job print_C
[2025-06-25 17:21:10] [INFO] Starting job finish
[2025-06-25 17:21:10] [INFO] Finish job
[2025-06-25 17:21:10] [INFO] Completed job finish
[2025-06-25 17:21:10] [INFO] Starting job bq_task_1
[2025-06-25 17:21:10] [INFO] [BigQueryOperator bq_task_1] Running query on project fadhel-project
[2025-06-25 17:21:10] [INFO] [BigQueryOperator bq_task_1] Query:
SELECT * FROM `fadhel-project.dw_ext_data.kemdikbud_ref_satpen_npsn` limit 10

[2025-06-25 17:21:10] [INFO] [BigQueryOperator bq_task_1] Query executed successfully at 2025-06-25 17:21:10.3458483 +0700 +07 m=+9.037270901
[2025-06-25 17:21:10] [INFO] Completed job bq_task_1
[2025-06-25 17:21:10] [INFO] Starting job trigger_dag1
[2025-06-25 17:21:10] [INFO] Triggering DAG dag1 from DAG custom_dag with config map[param1:value1 param2:42]
[2025-06-25 17:21:10] [INFO] [DAG1] Run A
[2025-06-25 17:21:10] [INFO] Completed job trigger_dag1
[2025-06-25 17:21:10] [INFO] Starting job trigger_dag_branch
[2025-06-25 17:21:10] [INFO] Triggering DAG dag_branch from DAG custom_dag with config map[param1:value1 param2:42]
[2025-06-25 17:21:10] [INFO] Completed job trigger_dag_branch
[2025-06-25 17:21:10] [INFO] [dag_branch] Start job running
[2025-06-25 17:21:10] [INFO] [dag_branch] Branch chooses high
[2025-06-25 17:21:10] [INFO] [dag_branch] Running HIGH path
[2025-06-25 17:21:11] [INFO] Cron triggered for DAG custom_dag
[2025-06-25 17:21:11] [INFO] Running DAG: custom_dag
[2025-06-25 17:21:11] [INFO] Starting job start
[2025-06-25 17:21:11] [INFO] Completed job start
[2025-06-25 17:21:11] [INFO] Starting job branch
[2025-06-25 17:21:11] [INFO] [custom_dag] Start job running
[2025-06-25 17:21:11] [INFO] 99 << get xcom
[custom_dag] Pilih print_A
[2025-06-25 17:21:11] [INFO] Branch branch selected [print_A]
[2025-06-25 17:21:11] [INFO] Skipping job print_B (auto-success to unblock DAG)
[2025-06-25 17:21:11] [INFO] Starting job print_A
[2025-06-25 17:21:11] [INFO] Print A
[2025-06-25 17:21:11] [INFO] Completed job print_A
[2025-06-25 17:21:11] [INFO] Starting job print_C
[2025-06-25 17:21:11] [INFO] Print C
[2025-06-25 17:21:11] [INFO] Completed job print_C
[2025-06-25 17:21:11] [INFO] Starting job finish
[2025-06-25 17:21:11] [INFO] Finish job
[2025-06-25 17:21:11] [INFO] Completed job finish
[2025-06-25 17:21:11] [INFO] Starting job bq_task_1
[2025-06-25 17:21:11] [INFO] [BigQueryOperator bq_task_1] Running query on project fadhel-project
[2025-06-25 17:21:11] [INFO] [BigQueryOperator bq_task_1] Query:
SELECT * FROM `fadhel-project.dw_ext_data.kemdikbud_ref_satpen_npsn` limit 10

[2025-06-25 17:21:11] [INFO] [BigQueryOperator bq_task_1] Query executed successfully at 2025-06-25 17:21:11.5194501 +0700 +07 m=+10.210872701
[2025-06-25 17:21:11] [INFO] Completed job bq_task_1
[2025-06-25 17:21:11] [INFO] Starting job trigger_dag1
[2025-06-25 17:21:11] [INFO] Triggering DAG dag1 from DAG custom_dag with config map[param1:value1 param2:42]
[2025-06-25 17:21:11] [INFO] [DAG1] Run A
[2025-06-25 17:21:11] [INFO] Completed job trigger_dag1
[2025-06-25 17:21:11] [INFO] Starting job trigger_dag_branch
[2025-06-25 17:21:11] [INFO] Triggering DAG dag_branch from DAG custom_dag with config map[param1:value1 param2:42]
[2025-06-25 17:21:11] [INFO] Completed job trigger_dag_branch
[2025-06-25 17:21:11] [INFO] [dag_branch] Start job running
[2025-06-25 17:21:11] [INFO] [dag_branch] Branch chooses high
[2025-06-25 17:21:11] [INFO] [dag_branch] Running HIGH path
[2025-06-25 17:21:12] [INFO] Cron triggered for DAG custom_dag
[2025-06-25 17:21:12] [INFO] Running DAG: custom_dag
[2025-06-25 17:21:12] [INFO] Starting job start
[2025-06-25 17:21:12] [INFO] Completed job start
[2025-06-25 17:21:12] [INFO] Starting job branch
[2025-06-25 17:21:12] [INFO] [custom_dag] Start job running
[2025-06-25 17:21:12] [INFO] Branch branch selected [print_A]
[2025-06-25 17:21:12] [INFO] Skipping job print_B (auto-success to unblock DAG)
[2025-06-25 17:21:12] [INFO] Starting job print_A
[2025-06-25 17:21:12] [INFO] 99 << get xcom
[custom_dag] Pilih print_A
[2025-06-25 17:21:12] [INFO] Print A
[2025-06-25 17:21:12] [INFO] Completed job print_A
[2025-06-25 17:21:12] [INFO] Starting job print_C
[2025-06-25 17:21:12] [INFO] Print C
[2025-06-25 17:21:12] [INFO] Completed job print_C
[2025-06-25 17:21:12] [INFO] Starting job finish
[2025-06-25 17:21:12] [INFO] Finish job
[2025-06-25 17:21:12] [INFO] Completed job finish
[2025-06-25 17:21:12] [INFO] Starting job bq_task_1
[2025-06-25 17:21:12] [INFO] [BigQueryOperator bq_task_1] Running query on project fadhel-project
[2025-06-25 17:21:12] [INFO] [BigQueryOperator bq_task_1] Query:
SELECT * FROM `fadhel-project.dw_ext_data.kemdikbud_ref_satpen_npsn` limit 10

[2025-06-25 17:21:12] [INFO] [BigQueryOperator bq_task_1] Query executed successfully at 2025-06-25 17:21:12.6517914 +0700 +07 m=+11.343214001
[2025-06-25 17:21:12] [INFO] Completed job bq_task_1
[2025-06-25 17:21:12] [INFO] Starting job trigger_dag1
[2025-06-25 17:21:12] [INFO] Triggering DAG dag1 from DAG custom_dag with config map[param1:value1 param2:42]
[2025-06-25 17:21:12] [INFO] [DAG1] Run A
[2025-06-25 17:21:12] [INFO] Completed job trigger_dag1
[2025-06-25 17:21:12] [INFO] Starting job trigger_dag_branch
[2025-06-25 17:21:12] [INFO] Triggering DAG dag_branch from DAG custom_dag with config map[param1:value1 param2:42]
[2025-06-25 17:21:12] [INFO] Completed job trigger_dag_branch
[2025-06-25 17:21:12] [INFO] [dag_branch] Start job running
[2025-06-25 17:21:12] [INFO] [dag_branch] Branch chooses high
[2025-06-25 17:21:12] [INFO] [dag_branch] Running HIGH path
[2025-06-25 17:21:13] [INFO] Cron triggered for DAG custom_dag
[2025-06-25 17:21:13] [INFO] Running DAG: custom_dag
[2025-06-25 17:21:13] [INFO] Starting job start
[2025-06-25 17:21:13] [INFO] Completed job start
[2025-06-25 17:21:13] [INFO] [custom_dag] Start job running
[2025-06-25 17:21:13] [INFO] Starting job branch
[2025-06-25 17:21:13] [INFO] Branch branch selected [print_A]
[2025-06-25 17:21:13] [INFO] Skipping job print_B (auto-success to unblock DAG)
[2025-06-25 17:21:13] [INFO] 99 << get xcom
[2025-06-25 17:21:13] [INFO] Starting job print_A
[2025-06-25 17:21:13] [INFO] Print A
[2025-06-25 17:21:13] [INFO] [custom_dag] Pilih print_A
[2025-06-25 17:21:13] [INFO] Completed job print_A
[2025-06-25 17:21:13] [INFO] Starting job print_C
[2025-06-25 17:21:13] [INFO] Print C
[2025-06-25 17:21:13] [INFO] Completed job print_C
[2025-06-25 17:21:13] [INFO] Starting job finish
[2025-06-25 17:21:13] [INFO] Finish job
[2025-06-25 17:21:13] [INFO] Completed job finish
[2025-06-25 17:21:13] [INFO] Starting job bq_task_1
[2025-06-25 17:21:13] [INFO] [BigQueryOperator bq_task_1] Running query on project fadhel-project
[2025-06-25 17:21:13] [INFO] [BigQueryOperator bq_task_1] Query:
SELECT * FROM `fadhel-project.dw_ext_data.kemdikbud_ref_satpen_npsn` limit 10

[2025-06-25 17:21:13] [INFO] [BigQueryOperator bq_task_1] Query executed successfully at 2025-06-25 17:21:13.2983147 +0700 +07 m=+11.989737301
[2025-06-25 17:21:13] [INFO] Completed job bq_task_1
[2025-06-25 17:21:13] [INFO] Starting job trigger_dag1
[2025-06-25 17:21:13] [INFO] Triggering DAG dag1 from DAG custom_dag with config map[param1:value1 param2:42]
[2025-06-25 17:21:13] [INFO] [DAG1] Run A
[2025-06-25 17:21:13] [INFO] Completed job trigger_dag1
[2025-06-25 17:21:13] [INFO] Starting job trigger_dag_branch
[2025-06-25 17:21:13] [INFO] Triggering DAG dag_branch from DAG custom_dag with config map[param1:value1 param2:42]
[2025-06-25 17:21:13] [INFO] Completed job trigger_dag_branch
[2025-06-25 17:21:13] [INFO] [dag_branch] Start job running
[2025-06-25 17:21:13] [INFO] [dag_branch] Branch chooses high
[2025-06-25 17:21:13] [INFO] [dag_branch] Running HIGH path
[2025-06-25 17:21:14] [INFO] Cron triggered for DAG custom_dag
[2025-06-25 17:21:14] [INFO] Running DAG: custom_dag
[2025-06-25 17:21:14] [INFO] Starting job start
[2025-06-25 17:21:14] [INFO] Completed job start
[2025-06-25 17:21:14] [INFO] [custom_dag] Start job running
[2025-06-25 17:21:14] [INFO] Starting job branch
[2025-06-25 17:21:14] [INFO] 99 << get xcom
[2025-06-25 17:21:14] [INFO] [custom_dag] Pilih print_A
[2025-06-25 17:21:14] [INFO] Branch branch selected [print_A]
[2025-06-25 17:21:14] [INFO] Skipping job print_B (auto-success to unblock DAG)
[2025-06-25 17:21:14] [INFO] Starting job print_A
[2025-06-25 17:21:14] [INFO] Print A
[2025-06-25 17:21:14] [INFO] Completed job print_A
[2025-06-25 17:21:14] [INFO] Starting job print_C
[2025-06-25 17:21:14] [INFO] Print C
[2025-06-25 17:21:14] [INFO] Completed job print_C
[2025-06-25 17:21:14] [INFO] Starting job finish
[2025-06-25 17:21:14] [INFO] Finish job
[2025-06-25 17:21:14] [INFO] Completed job finish
[2025-06-25 17:21:14] [INFO] Starting job bq_task_1
[2025-06-25 17:21:14] [INFO] [BigQueryOperator bq_task_1] Running query on project fadhel-project
[2025-06-25 17:21:14] [INFO] [BigQueryOperator bq_task_1] Query:
SELECT * FROM `fadhel-project.dw_ext_data.kemdikbud_ref_satpen_npsn` limit 10

[2025-06-25 17:21:14] [INFO] [BigQueryOperator bq_task_1] Query executed successfully at 2025-06-25 17:21:14.2996765 +0700 +07 m=+12.991099101
[2025-06-25 17:21:14] [INFO] Completed job bq_task_1
[2025-06-25 17:21:14] [INFO] Starting job trigger_dag1
[2025-06-25 17:21:14] [INFO] Triggering DAG dag1 from DAG custom_dag with config map[param1:value1 param2:42]
[2025-06-25 17:21:14] [INFO] [DAG1] Run A
[2025-06-25 17:21:14] [INFO] Completed job trigger_dag1
[2025-06-25 17:21:14] [INFO] Starting job trigger_dag_branch
[2025-06-25 17:21:14] [INFO] Triggering DAG dag_branch from DAG custom_dag with config map[param1:value1 param2:42]
[2025-06-25 17:21:14] [INFO] Completed job trigger_dag_branch
[2025-06-25 17:21:14] [INFO] [dag_branch] Start job running
[2025-06-25 17:21:14] [INFO] [dag_branch] Branch chooses high
[2025-06-25 17:21:14] [INFO] [dag_branch] Running HIGH path
[2025-06-25 17:21:15] [INFO] Cron triggered for DAG custom_dag
[2025-06-25 17:21:15] [INFO] Running DAG: custom_dag
[2025-06-25 17:21:15] [INFO] Starting job start
[2025-06-25 17:21:15] [INFO] Completed job start
[2025-06-25 17:21:15] [INFO] Starting job branch
[2025-06-25 17:21:15] [INFO] [custom_dag] Start job running
[2025-06-25 17:21:15] [INFO] 99 << get xcom
[custom_dag] Pilih print_A
[2025-06-25 17:21:15] [INFO] Branch branch selected [print_A]
[2025-06-25 17:21:15] [INFO] Skipping job print_B (auto-success to unblock DAG)
[2025-06-25 17:21:15] [INFO] Starting job print_A
[2025-06-25 17:21:15] [INFO] Print A
[2025-06-25 17:21:15] [INFO] Completed job print_A
[2025-06-25 17:21:15] [INFO] Starting job print_C
[2025-06-25 17:21:15] [INFO] Print C
[2025-06-25 17:21:15] [INFO] Completed job print_C
[2025-06-25 17:21:15] [INFO] Starting job finish
[2025-06-25 17:21:15] [INFO] Finish job
[2025-06-25 17:21:15] [INFO] Completed job finish
[2025-06-25 17:21:15] [INFO] Starting job bq_task_1
[2025-06-25 17:21:15] [INFO] [BigQueryOperator bq_task_1] Running query on project fadhel-project
[2025-06-25 17:21:15] [INFO] [BigQueryOperator bq_task_1] Query:
SELECT * FROM `fadhel-project.dw_ext_data.kemdikbud_ref_satpen_npsn` limit 10

[2025-06-25 17:21:15] [INFO] [BigQueryOperator bq_task_1] Query executed successfully at 2025-06-25 17:21:15.5040341 +0700 +07 m=+14.195456701
[2025-06-25 17:21:15] [INFO] Completed job bq_task_1
[2025-06-25 17:21:15] [INFO] Starting job trigger_dag1
[2025-06-25 17:21:15] [INFO] Triggering DAG dag1 from DAG custom_dag with config map[param1:value1 param2:42]
[2025-06-25 17:21:15] [INFO] [DAG1] Run A
[2025-06-25 17:21:15] [INFO] Completed job trigger_dag1
[2025-06-25 17:21:15] [INFO] Starting job trigger_dag_branch
[2025-06-25 17:21:15] [INFO] Triggering DAG dag_branch from DAG custom_dag with config map[param1:value1 param2:42]
[2025-06-25 17:21:15] [INFO] Completed job trigger_dag_branch
[2025-06-25 17:21:15] [INFO] [dag_branch] Start job running
[2025-06-25 17:21:15] [INFO] [dag_branch] Branch chooses high
[2025-06-25 17:21:15] [INFO] [dag_branch] Running HIGH path
[2025-06-25 17:21:16] [INFO] Cron triggered for DAG custom_dag
[2025-06-25 17:21:16] [INFO] Running DAG: custom_dag
[2025-06-25 17:21:16] [INFO] Starting job start
[2025-06-25 17:21:16] [INFO] Completed job start
[2025-06-25 17:21:16] [INFO] Starting job branch
[2025-06-25 17:21:16] [INFO] [custom_dag] Start job running
[2025-06-25 17:21:16] [INFO] 99 << get xcom
[custom_dag] Pilih print_A
[2025-06-25 17:21:16] [INFO] Branch branch selected [print_A]
[2025-06-25 17:21:16] [INFO] Skipping job print_B (auto-success to unblock DAG)
[2025-06-25 17:21:16] [INFO] Starting job print_A
[2025-06-25 17:21:16] [INFO] Print A
[2025-06-25 17:21:16] [INFO] Completed job print_A
[2025-06-25 17:21:16] [INFO] Starting job print_C
[2025-06-25 17:21:16] [INFO] Print C
[2025-06-25 17:21:16] [INFO] Completed job print_C
[2025-06-25 17:21:16] [INFO] Starting job finish
[2025-06-25 17:21:16] [INFO] Finish job
[2025-06-25 17:21:16] [INFO] Completed job finish
[2025-06-25 17:21:16] [INFO] Starting job bq_task_1
[2025-06-25 17:21:16] [INFO] [BigQueryOperator bq_task_1] Running query on project fadhel-project
[2025-06-25 17:21:16] [INFO] [BigQueryOperator bq_task_1] Query:
SELECT * FROM `fadhel-project.dw_ext_data.kemdikbud_ref_satpen_npsn` limit 10

[2025-06-25 17:21:16] [INFO] [BigQueryOperator bq_task_1] Query executed successfully at 2025-06-25 17:21:16.3631183 +0700 +07 m=+15.054540901
[2025-06-25 17:21:16] [INFO] Completed job bq_task_1
[2025-06-25 17:21:16] [INFO] Starting job trigger_dag1
[2025-06-25 17:21:16] [INFO] Triggering DAG dag1 from DAG custom_dag with config map[param1:value1 param2:42]
[2025-06-25 17:21:16] [INFO] [DAG1] Run A
[2025-06-25 17:21:16] [INFO] Completed job trigger_dag1
[2025-06-25 17:21:16] [INFO] Starting job trigger_dag_branch
[2025-06-25 17:21:16] [INFO] Triggering DAG dag_branch from DAG custom_dag with config map[param1:value1 param2:42]
[2025-06-25 17:21:16] [INFO] Completed job trigger_dag_branch
[2025-06-25 17:21:16] [INFO] [dag_branch] Start job running
[2025-06-25 17:21:16] [INFO] [dag_branch] Branch chooses high
[2025-06-25 17:21:16] [INFO] [dag_branch] Running HIGH path
[2025-06-25 17:21:17] [INFO] Cron triggered for DAG custom_dag
[2025-06-25 17:21:17] [INFO] Running DAG: custom_dag
[2025-06-25 17:21:17] [INFO] Starting job start
[2025-06-25 17:21:17] [INFO] Completed job start
[2025-06-25 17:21:17] [INFO] Starting job branch
[2025-06-25 17:21:17] [INFO] [custom_dag] Start job running
[2025-06-25 17:21:17] [INFO] Branch branch selected [print_A]
[2025-06-25 17:21:17] [INFO] Skipping job print_B (auto-success to unblock DAG)
[2025-06-25 17:21:17] [INFO] Starting job print_A
[2025-06-25 17:21:17] [INFO] 99 << get xcom
[custom_dag] Pilih print_A
[2025-06-25 17:21:17] [INFO] Print A
[2025-06-25 17:21:17] [INFO] Completed job print_A
[2025-06-25 17:21:17] [INFO] Starting job print_C
[2025-06-25 17:21:17] [INFO] Print C
[2025-06-25 17:21:17] [INFO] Completed job print_C
[2025-06-25 17:21:17] [INFO] Starting job finish
[2025-06-25 17:21:17] [INFO] Finish job
[2025-06-25 17:21:17] [INFO] Completed job finish
[2025-06-25 17:21:17] [INFO] Starting job bq_task_1
[2025-06-25 17:21:17] [INFO] [BigQueryOperator bq_task_1] Running query on project fadhel-project
[2025-06-25 17:21:17] [INFO] [BigQueryOperator bq_task_1] Query:
SELECT * FROM `fadhel-project.dw_ext_data.kemdikbud_ref_satpen_npsn` limit 10

[2025-06-25 17:21:17] [INFO] [BigQueryOperator bq_task_1] Query executed successfully at 2025-06-25 17:21:17.4707013 +0700 +07 m=+16.162123901
[2025-06-25 17:21:17] [INFO] Completed job bq_task_1
[2025-06-25 17:21:17] [INFO] Starting job trigger_dag1
[2025-06-25 17:21:17] [INFO] Triggering DAG dag1 from DAG custom_dag with config map[param1:value1 param2:42]
[2025-06-25 17:21:17] [INFO] [DAG1] Run A
[2025-06-25 17:21:17] [INFO] Completed job trigger_dag1
[2025-06-25 17:21:17] [INFO] Starting job trigger_dag_branch
[2025-06-25 17:21:17] [INFO] Triggering DAG dag_branch from DAG custom_dag with config map[param1:value1 param2:42]
[2025-06-25 17:21:17] [INFO] Completed job trigger_dag_branch
[2025-06-25 17:21:17] [INFO] [dag_branch] Start job running
[2025-06-25 17:21:17] [INFO] [dag_branch] Branch chooses high
[2025-06-25 17:21:17] [INFO] [dag_branch] Running HIGH path
[2025-06-25 17:21:18] [INFO] Cron triggered for DAG custom_dag
[2025-06-25 17:21:18] [INFO] Running DAG: custom_dag
[2025-06-25 17:21:18] [INFO] Starting job start
[2025-06-25 17:21:18] [INFO] Completed job start
[2025-06-25 17:21:18] [INFO] Starting job branch
[2025-06-25 17:21:18] [INFO] [custom_dag] Start job running
[2025-06-25 17:21:18] [INFO] Branch branch selected [print_A]
[2025-06-25 17:21:18] [INFO] Skipping job print_B (auto-success to unblock DAG)
[2025-06-25 17:21:18] [INFO] Starting job print_A
[2025-06-25 17:21:18] [INFO] 99 << get xcom
[custom_dag] Pilih print_A
[2025-06-25 17:21:18] [INFO] Print A
[2025-06-25 17:21:18] [INFO] Completed job print_A
[2025-06-25 17:21:18] [INFO] Starting job print_C
[2025-06-25 17:21:18] [INFO] Print C
[2025-06-25 17:21:18] [INFO] Completed job print_C
[2025-06-25 17:21:18] [INFO] Starting job finish
[2025-06-25 17:21:18] [INFO] Finish job
[2025-06-25 17:21:18] [INFO] Completed job finish
[2025-06-25 17:21:18] [INFO] Starting job bq_task_1
[2025-06-25 17:21:18] [INFO] [BigQueryOperator bq_task_1] Running query on project fadhel-project
[2025-06-25 17:21:18] [INFO] [BigQueryOperator bq_task_1] Query:
SELECT * FROM `fadhel-project.dw_ext_data.kemdikbud_ref_satpen_npsn` limit 10

[2025-06-25 17:21:18] [INFO] [BigQueryOperator bq_task_1] Query executed successfully at 2025-06-25 17:21:18.4047365 +0700 +07 m=+17.096159101
[2025-06-25 17:21:18] [INFO] Completed job bq_task_1
[2025-06-25 17:21:18] [INFO] Starting job trigger_dag1
[2025-06-25 17:21:18] [INFO] Triggering DAG dag1 from DAG custom_dag with config map[param1:value1 param2:42]
[2025-06-25 17:21:18] [INFO] [DAG1] Run A
[2025-06-25 17:21:18] [INFO] Completed job trigger_dag1
[2025-06-25 17:21:18] [INFO] Starting job trigger_dag_branch
[2025-06-25 17:21:18] [INFO] Triggering DAG dag_branch from DAG custom_dag with config map[param1:value1 param2:42]
[2025-06-25 17:21:18] [INFO] Completed job trigger_dag_branch
[2025-06-25 17:21:18] [INFO] [dag_branch] Start job running
[2025-06-25 17:21:18] [INFO] [dag_branch] Branch chooses high
[2025-06-25 17:21:18] [INFO] [dag_branch] Running HIGH path
[2025-06-25 17:21:19] [INFO] Cron triggered for DAG custom_dag
[2025-06-25 17:21:19] [INFO] Running DAG: custom_dag
[2025-06-25 17:21:19] [INFO] Starting job start
[2025-06-25 17:21:19] [INFO] Completed job start
[2025-06-25 17:21:19] [INFO] Starting job branch
[2025-06-25 17:21:19] [INFO] [custom_dag] Start job running
[2025-06-25 17:21:19] [INFO] Branch branch selected [print_A]
[2025-06-25 17:21:19] [INFO] Skipping job print_B (auto-success to unblock DAG)
[2025-06-25 17:21:19] [INFO] Starting job print_A
[2025-06-25 17:21:19] [INFO] 99 << get xcom
[custom_dag] Pilih print_A
[2025-06-25 17:21:19] [INFO] Print A
[2025-06-25 17:21:19] [INFO] Completed job print_A
[2025-06-25 17:21:19] [INFO] Starting job print_C
[2025-06-25 17:21:19] [INFO] Print C
[2025-06-25 17:21:19] [INFO] Completed job print_C
[2025-06-25 17:21:19] [INFO] Starting job finish
[2025-06-25 17:21:19] [INFO] Finish job
[2025-06-25 17:21:19] [INFO] Completed job finish
[2025-06-25 17:21:19] [INFO] Starting job bq_task_1
[2025-06-25 17:21:19] [INFO] [BigQueryOperator bq_task_1] Running query on project fadhel-project
[2025-06-25 17:21:19] [INFO] [BigQueryOperator bq_task_1] Query:
SELECT * FROM `fadhel-project.dw_ext_data.kemdikbud_ref_satpen_npsn` limit 10

[2025-06-25 17:21:19] [INFO] [BigQueryOperator bq_task_1] Query executed successfully at 2025-06-25 17:21:19.716781 +0700 +07 m=+18.408203601
[2025-06-25 17:21:19] [INFO] Completed job bq_task_1
[2025-06-25 17:21:19] [INFO] Starting job trigger_dag1
[2025-06-25 17:21:19] [INFO] Triggering DAG dag1 from DAG custom_dag with config map[param1:value1 param2:42]
[2025-06-25 17:21:19] [INFO] [DAG1] Run A
[2025-06-25 17:21:19] [INFO] Completed job trigger_dag1
[2025-06-25 17:21:19] [INFO] Starting job trigger_dag_branch
[2025-06-25 17:21:19] [INFO] Triggering DAG dag_branch from DAG custom_dag with config map[param1:value1 param2:42]
[2025-06-25 17:21:19] [INFO] Completed job trigger_dag_branch
[2025-06-25 17:21:19] [INFO] [dag_branch] Start job running
[2025-06-25 17:21:19] [INFO] [dag_branch] Branch chooses high
[2025-06-25 17:21:19] [INFO] [dag_branch] Running HIGH path
[2025-06-25 17:21:20] [INFO] Cron triggered for DAG custom_dag
[2025-06-25 17:21:20] [INFO] Running DAG: custom_dag
[2025-06-25 17:21:20] [INFO] Starting job start
[2025-06-25 17:21:20] [INFO] Completed job start
[2025-06-25 17:21:20] [INFO] Starting job branch
[2025-06-25 17:21:20] [INFO] [custom_dag] Start job running
[2025-06-25 17:21:20] [INFO] 99 << get xcom
[custom_dag] Pilih print_A
[2025-06-25 17:21:20] [INFO] Branch branch selected [print_A]
[2025-06-25 17:21:20] [INFO] Skipping job print_B (auto-success to unblock DAG)
[2025-06-25 17:21:20] [INFO] Starting job print_A
[2025-06-25 17:21:20] [INFO] Print A
[2025-06-25 17:21:20] [INFO] Completed job print_A
[2025-06-25 17:21:20] [INFO] Starting job print_C
[2025-06-25 17:21:20] [INFO] Print C
[2025-06-25 17:21:20] [INFO] Completed job print_C
[2025-06-25 17:21:20] [INFO] Starting job finish
[2025-06-25 17:21:20] [INFO] Finish job
[2025-06-25 17:21:20] [INFO] Completed job finish
[2025-06-25 17:21:20] [INFO] Starting job bq_task_1
[2025-06-25 17:21:20] [INFO] [BigQueryOperator bq_task_1] Running query on project fadhel-project
[2025-06-25 17:21:20] [INFO] [BigQueryOperator bq_task_1] Query:
SELECT * FROM `fadhel-project.dw_ext_data.kemdikbud_ref_satpen_npsn` limit 10

[2025-06-25 17:21:20] [INFO] [BigQueryOperator bq_task_1] Query executed successfully at 2025-06-25 17:21:20.359289 +0700 +07 m=+19.050711601
[2025-06-25 17:21:20] [INFO] Completed job bq_task_1
[2025-06-25 17:21:20] [INFO] Starting job trigger_dag1
[2025-06-25 17:21:20] [INFO] Triggering DAG dag1 from DAG custom_dag with config map[param1:value1 param2:42]
[2025-06-25 17:21:20] [INFO] [DAG1] Run A
[2025-06-25 17:21:20] [INFO] Completed job trigger_dag1
[2025-06-25 17:21:20] [INFO] Starting job trigger_dag_branch
[2025-06-25 17:21:20] [INFO] Triggering DAG dag_branch from DAG custom_dag with config map[param1:value1 param2:42]
[2025-06-25 17:21:20] [INFO] Completed job trigger_dag_branch
[2025-06-25 17:21:20] [INFO] [dag_branch] Start job running
[2025-06-25 17:21:20] [INFO] [dag_branch] Branch chooses high
[2025-06-25 17:21:20] [INFO] [dag_branch] Running HIGH path
[2025-06-25 17:21:21] [INFO] Cron triggered for DAG custom_dag
[2025-06-25 17:21:21] [INFO] Running DAG: custom_dag
[2025-06-25 17:21:21] [INFO] Starting job start
[2025-06-25 17:21:21] [INFO] Completed job start
[2025-06-25 17:21:21] [INFO] Starting job branch
[2025-06-25 17:21:21] [INFO] [custom_dag] Start job running
[2025-06-25 17:21:21] [INFO] Branch branch selected [print_A]
[2025-06-25 17:21:21] [INFO] Skipping job print_B (auto-success to unblock DAG)
[2025-06-25 17:21:21] [INFO] 99 << get xcom
[custom_dag] Pilih print_A
[2025-06-25 17:21:21] [INFO] Starting job print_A
[2025-06-25 17:21:21] [INFO] Print A
[2025-06-25 17:21:21] [INFO] Completed job print_A
[2025-06-25 17:21:21] [INFO] Starting job print_C
[2025-06-25 17:21:21] [INFO] Print C
[2025-06-25 17:21:21] [INFO] Completed job print_C
[2025-06-25 17:21:21] [INFO] Starting job finish
[2025-06-25 17:21:21] [INFO] Finish job
[2025-06-25 17:21:21] [INFO] Completed job finish
[2025-06-25 17:21:21] [INFO] Starting job bq_task_1
[2025-06-25 17:21:21] [INFO] [BigQueryOperator bq_task_1] Running query on project fadhel-project
[2025-06-25 17:21:21] [INFO] [BigQueryOperator bq_task_1] Query:
SELECT * FROM `fadhel-project.dw_ext_data.kemdikbud_ref_satpen_npsn` limit 10

[2025-06-25 17:21:21] [INFO] [BigQueryOperator bq_task_1] Query executed successfully at 2025-06-25 17:21:21.5066564 +0700 +07 m=+20.198079001
[2025-06-25 17:21:21] [INFO] Completed job bq_task_1
[2025-06-25 17:21:21] [INFO] Starting job trigger_dag1
[2025-06-25 17:21:21] [INFO] Triggering DAG dag1 from DAG custom_dag with config map[param1:value1 param2:42]
[2025-06-25 17:21:21] [INFO] [DAG1] Run A
[2025-06-25 17:21:21] [INFO] Completed job trigger_dag1
[2025-06-25 17:21:21] [INFO] Starting job trigger_dag_branch
[2025-06-25 17:21:21] [INFO] Triggering DAG dag_branch from DAG custom_dag with config map[param1:value1 param2:42]
[2025-06-25 17:21:21] [INFO] Completed job trigger_dag_branch
[2025-06-25 17:21:21] [INFO] [dag_branch] Start job running
[2025-06-25 17:21:21] [INFO] [dag_branch] Branch chooses high
[2025-06-25 17:21:21] [INFO] [dag_branch] Running HIGH path
[2025-06-25 17:21:22] [INFO] Cron triggered for DAG custom_dag
[2025-06-25 17:21:22] [INFO] Running DAG: custom_dag
[2025-06-25 17:21:22] [INFO] Starting job start
[2025-06-25 17:21:22] [INFO] Completed job start
[2025-06-25 17:21:22] [INFO] Starting job branch
[2025-06-25 17:21:22] [INFO] [custom_dag] Start job running
[2025-06-25 17:21:22] [INFO] Branch branch selected [print_A]
[2025-06-25 17:21:22] [INFO] Skipping job print_B (auto-success to unblock DAG)
[2025-06-25 17:21:22] [INFO] Starting job print_A
[2025-06-25 17:21:22] [INFO] 99 << get xcom
[custom_dag] Pilih print_A
[2025-06-25 17:21:22] [INFO] Print A
[2025-06-25 17:21:22] [INFO] Completed job print_A
[2025-06-25 17:21:22] [INFO] Starting job print_C
[2025-06-25 17:21:22] [INFO] Print C
[2025-06-25 17:21:22] [INFO] Completed job print_C
[2025-06-25 17:21:22] [INFO] Starting job finish
[2025-06-25 17:21:22] [INFO] Finish job
[2025-06-25 17:21:22] [INFO] Completed job finish
[2025-06-25 17:21:22] [INFO] Starting job bq_task_1
[2025-06-25 17:21:22] [INFO] [BigQueryOperator bq_task_1] Running query on project fadhel-project
[2025-06-25 17:21:22] [INFO] [BigQueryOperator bq_task_1] Query:
SELECT * FROM `fadhel-project.dw_ext_data.kemdikbud_ref_satpen_npsn` limit 10

[2025-06-25 17:21:22] [INFO] [BigQueryOperator bq_task_1] Query executed successfully at 2025-06-25 17:21:22.6889635 +0700 +07 m=+21.380386101
[2025-06-25 17:21:22] [INFO] Completed job bq_task_1
[2025-06-25 17:21:22] [INFO] Starting job trigger_dag1
[2025-06-25 17:21:22] [INFO] Triggering DAG dag1 from DAG custom_dag with config map[param1:value1 param2:42]
[2025-06-25 17:21:22] [INFO] [DAG1] Run A
[2025-06-25 17:21:22] [INFO] Completed job trigger_dag1
[2025-06-25 17:21:22] [INFO] Starting job trigger_dag_branch
[2025-06-25 17:21:22] [INFO] Triggering DAG dag_branch from DAG custom_dag with config map[param1:value1 param2:42]
[2025-06-25 17:21:22] [INFO] Completed job trigger_dag_branch
[2025-06-25 17:21:22] [INFO] [dag_branch] Start job running
[2025-06-25 17:21:22] [INFO] [dag_branch] Branch chooses high
[2025-06-25 17:21:22] [INFO] [dag_branch] Running HIGH path
[2025-06-25 17:21:23] [INFO] Cron triggered for DAG custom_dag
[2025-06-25 17:21:23] [INFO] Running DAG: custom_dag
[2025-06-25 17:21:23] [INFO] Starting job start
[2025-06-25 17:21:23] [INFO] Completed job start
[2025-06-25 17:21:23] [INFO] [custom_dag] Start job running
[2025-06-25 17:21:23] [INFO] Starting job branch
[2025-06-25 17:21:23] [INFO] 99 << get xcom
[2025-06-25 17:21:23] [INFO] [custom_dag] Pilih print_A
[2025-06-25 17:21:23] [INFO] Branch branch selected [print_A]
[2025-06-25 17:21:23] [INFO] Skipping job print_B (auto-success to unblock DAG)
[2025-06-25 17:21:23] [INFO] Starting job print_A
[2025-06-25 17:21:23] [INFO] Print A
[2025-06-25 17:21:23] [INFO] Completed job print_A
[2025-06-25 17:21:23] [INFO] Starting job print_C
[2025-06-25 17:21:23] [INFO] Print C
[2025-06-25 17:21:23] [INFO] Completed job print_C
[2025-06-25 17:21:23] [INFO] Starting job finish
[2025-06-25 17:21:23] [INFO] Finish job
[2025-06-25 17:21:23] [INFO] Completed job finish
[2025-06-25 17:21:23] [INFO] Starting job bq_task_1
[2025-06-25 17:21:23] [INFO] [BigQueryOperator bq_task_1] Running query on project fadhel-project
[2025-06-25 17:21:23] [INFO] [BigQueryOperator bq_task_1] Query:
SELECT * FROM `fadhel-project.dw_ext_data.kemdikbud_ref_satpen_npsn` limit 10

[2025-06-25 17:21:23] [INFO] [BigQueryOperator bq_task_1] Query executed successfully at 2025-06-25 17:21:23.30807 +0700 +07 m=+21.999492601
[2025-06-25 17:21:23] [INFO] Completed job bq_task_1
[2025-06-25 17:21:23] [INFO] Starting job trigger_dag1
[2025-06-25 17:21:23] [INFO] Triggering DAG dag1 from DAG custom_dag with config map[param1:value1 param2:42]
[2025-06-25 17:21:23] [INFO] [DAG1] Run A
[2025-06-25 17:21:23] [INFO] Completed job trigger_dag1
[2025-06-25 17:21:23] [INFO] Starting job trigger_dag_branch
[2025-06-25 17:21:23] [INFO] Triggering DAG dag_branch from DAG custom_dag with config map[param1:value1 param2:42]
[2025-06-25 17:21:23] [INFO] Completed job trigger_dag_branch
[2025-06-25 17:21:23] [INFO] [dag_branch] Start job running
[2025-06-25 17:21:23] [INFO] [dag_branch] Branch chooses high
[2025-06-25 17:21:23] [INFO] [dag_branch] Running HIGH path
[2025-06-25 17:21:24] [INFO] Cron triggered for DAG custom_dag
[2025-06-25 17:21:24] [INFO] Running DAG: custom_dag
[2025-06-25 17:21:24] [INFO] Starting job start
[2025-06-25 17:21:24] [INFO] Completed job start
[2025-06-25 17:21:24] [INFO] Starting job branch
[2025-06-25 17:21:24] [INFO] [custom_dag] Start job running
[2025-06-25 17:21:24] [INFO] 99 << get xcom
[custom_dag] Pilih print_A
[2025-06-25 17:21:24] [INFO] Branch branch selected [print_A]
[2025-06-25 17:21:24] [INFO] Skipping job print_B (auto-success to unblock DAG)
[2025-06-25 17:21:24] [INFO] Starting job print_A
[2025-06-25 17:21:24] [INFO] Print A
[2025-06-25 17:21:24] [INFO] Completed job print_A
[2025-06-25 17:21:24] [INFO] Starting job print_C
[2025-06-25 17:21:24] [INFO] [BigQueryOperator bq_task_1] Query executed successfully at 2025-06-25 17:21:24.5293687 +0700 +07 m=+23.220791301
[2025-06-25 17:21:24] [INFO] Completed job bq_task_1
[2025-06-25 17:21:24] [INFO] Print C
[2025-06-25 17:21:24] [INFO] Completed job print_C
[2025-06-25 17:21:24] [INFO] Starting job trigger_dag1
[2025-06-25 17:21:24] [INFO] Triggering DAG dag1 from DAG custom_dag with config map[param1:value1 param2:42]
[2025-06-25 17:21:24] [INFO] Starting job finish
[2025-06-25 17:21:24] [INFO] Finish job
[2025-06-25 17:21:24] [INFO] Completed job finish
[2025-06-25 17:21:24] [INFO] Starting job bq_task_1
[2025-06-25 17:21:24] [INFO] [DAG1] Run A
[2025-06-25 17:21:24] [INFO] [BigQueryOperator bq_task_1] Running query on project fadhel-project
[2025-06-25 17:21:24] [INFO] [BigQueryOperator bq_task_1] Query:
SELECT * FROM `fadhel-project.dw_ext_data.kemdikbud_ref_satpen_npsn` limit 10

[2025-06-25 17:21:24] [INFO] Completed job trigger_dag1
[2025-06-25 17:21:24] [INFO] Starting job trigger_dag_branch
[2025-06-25 17:21:24] [INFO] Triggering DAG dag_branch from DAG custom_dag with config map[param1:value1 param2:42]
[2025-06-25 17:21:24] [INFO] Completed job trigger_dag_branch
[2025-06-25 17:21:24] [INFO] [dag_branch] Start job running
[2025-06-25 17:21:24] [INFO] [dag_branch] Branch chooses high
[2025-06-25 17:21:24] [INFO] [dag_branch] Running HIGH path
[2025-06-25 17:21:25] [INFO] Cron triggered for DAG custom_dag
[2025-06-25 17:21:25] [INFO] Running DAG: custom_dag
[2025-06-25 17:21:25] [INFO] Starting job start
[2025-06-25 17:21:25] [INFO] Completed job start
[2025-06-25 17:21:25] [INFO] Starting job branch
[2025-06-25 17:21:25] [INFO] Branch branch selected [print_A]
[2025-06-25 17:21:25] [INFO] [custom_dag] Start job running
[2025-06-25 17:21:25] [INFO] 99 << get xcom
[custom_dag] Pilih print_A
[2025-06-25 17:21:25] [INFO] Skipping job print_B (auto-success to unblock DAG)
[2025-06-25 17:21:25] [INFO] Starting job print_A
[2025-06-25 17:21:25] [INFO] Print A
[2025-06-25 17:21:25] [INFO] Completed job print_A
[2025-06-25 17:21:25] [INFO] Starting job print_C
[2025-06-25 17:21:25] [INFO] Print C
[2025-06-25 17:21:25] [INFO] Completed job print_C
[2025-06-25 17:21:25] [INFO] Starting job finish
[2025-06-25 17:21:25] [INFO] Finish job
[2025-06-25 17:21:25] [INFO] Completed job finish
[2025-06-25 17:21:25] [INFO] Starting job bq_task_1
[2025-06-25 17:21:25] [INFO] [BigQueryOperator bq_task_1] Running query on project fadhel-project
[2025-06-25 17:21:25] [INFO] [BigQueryOperator bq_task_1] Query:
SELECT * FROM `fadhel-project.dw_ext_data.kemdikbud_ref_satpen_npsn` limit 10

[2025-06-25 17:21:26] [INFO] Cron triggered for DAG custom_dag
[2025-06-25 17:21:26] [INFO] Running DAG: custom_dag
[2025-06-25 17:21:26] [INFO] Starting job start
[2025-06-25 17:21:26] [INFO] Completed job start
[2025-06-25 17:21:26] [INFO] Starting job branch
[2025-06-25 17:21:26] [INFO] Branch branch selected [print_A]
[2025-06-25 17:21:26] [INFO] [custom_dag] Start job running
[2025-06-25 17:21:26] [INFO] 99 << get xcom
[custom_dag] Pilih print_A
[2025-06-25 17:21:26] [INFO] Skipping job print_B (auto-success to unblock DAG)
[2025-06-25 17:21:26] [INFO] Starting job print_A
[2025-06-25 17:21:26] [INFO] Print A
[2025-06-25 17:21:26] [INFO] Completed job print_A
[2025-06-25 17:21:26] [INFO] Starting job print_C
[2025-06-25 17:21:26] [INFO] Print C
[2025-06-25 17:21:26] [INFO] Completed job print_C
[2025-06-25 17:21:26] [INFO] Starting job finish
[2025-06-25 17:21:26] [INFO] Finish job
[2025-06-25 17:21:26] [INFO] Completed job finish
[2025-06-25 17:21:26] [INFO] Starting job bq_task_1
[2025-06-25 17:21:26] [INFO] [BigQueryOperator bq_task_1] Running query on project fadhel-project
[2025-06-25 17:21:26] [INFO] [BigQueryOperator bq_task_1] Query:
SELECT * FROM `fadhel-project.dw_ext_data.kemdikbud_ref_satpen_npsn` limit 10

[2025-06-25 17:21:26] [INFO] [BigQueryOperator bq_task_1] Query executed successfully at 2025-06-25 17:21:26.1946469 +0700 +07 m=+24.886069501
[2025-06-25 17:21:26] [INFO] Completed job bq_task_1
[2025-06-25 17:21:26] [INFO] Starting job trigger_dag1
[2025-06-25 17:21:26] [INFO] Triggering DAG dag1 from DAG custom_dag with config map[param1:value1 param2:42]
[2025-06-25 17:21:26] [INFO] [DAG1] Run A
[2025-06-25 17:21:26] [INFO] Completed job trigger_dag1
[2025-06-25 17:21:26] [INFO] Starting job trigger_dag_branch
[2025-06-25 17:21:26] [INFO] Triggering DAG dag_branch from DAG custom_dag with config map[param1:value1 param2:42]
[2025-06-25 17:21:26] [INFO] Completed job trigger_dag_branch
[2025-06-25 17:21:26] [INFO] [dag_branch] Start job running
[2025-06-25 17:21:26] [INFO] [dag_branch] Branch chooses high
[2025-06-25 17:21:26] [INFO] [dag_branch] Running HIGH path
